[ {
  "src" : "x-forwarded-for-header-insertion",
  "dest" : "docs/latest/",
  "timestamp" : {
    "monthOfYear" : 9,
    "yearOfEra" : 2016,
    "weekyear" : 2016,
    "weekOfWeekyear" : 36,
    "millisOfSecond" : 653,
    "millisOfDay" : 51513653,
    "secondOfMinute" : 33,
    "secondOfDay" : 51513,
    "minuteOfHour" : 18,
    "minuteOfDay" : 858,
    "hourOfDay" : 14,
    "yearOfCentury" : 16,
    "centuryOfEra" : 20,
    "era" : 1,
    "dayOfYear" : 253,
    "dayOfWeek" : 5,
    "dayOfMonth" : 9,
    "year" : 2016,
    "chronology" : {
      "zone" : {
        "uncachedZone" : {
          "cachable" : true,
          "fixed" : false,
          "id" : "America/Los_Angeles"
        },
        "fixed" : false,
        "id" : "America/Los_Angeles"
      }
    },
    "zone" : {
      "uncachedZone" : {
        "cachable" : true,
        "fixed" : false,
        "id" : "America/Los_Angeles"
      },
      "fixed" : false,
      "id" : "America/Los_Angeles"
    },
    "millis" : 1473455913653,
    "afterNow" : false,
    "beforeNow" : true,
    "equalNow" : false
  }
}, {
  "src" : "wildcard-sni-matching-for-virtual-hosting",
  "dest" : "docs/latest/",
  "timestamp" : {
    "era" : 1,
    "dayOfYear" : 253,
    "dayOfWeek" : 5,
    "dayOfMonth" : 9,
    "year" : 2016,
    "weekOfWeekyear" : 36,
    "weekyear" : 2016,
    "monthOfYear" : 9,
    "yearOfEra" : 2016,
    "yearOfCentury" : 16,
    "centuryOfEra" : 20,
    "millisOfSecond" : 630,
    "millisOfDay" : 51560630,
    "secondOfMinute" : 20,
    "secondOfDay" : 51560,
    "minuteOfHour" : 19,
    "minuteOfDay" : 859,
    "hourOfDay" : 14,
    "zone" : {
      "fixed" : false,
      "uncachedZone" : {
        "cachable" : true,
        "fixed" : false,
        "id" : "America/Los_Angeles"
      },
      "id" : "America/Los_Angeles"
    },
    "millis" : 1473455960630,
    "chronology" : {
      "zone" : {
        "fixed" : false,
        "uncachedZone" : {
          "cachable" : true,
          "fixed" : false,
          "id" : "America/Los_Angeles"
        },
        "id" : "America/Los_Angeles"
      }
    },
    "afterNow" : false,
    "beforeNow" : true,
    "equalNow" : false
  }
}, {
  "src" : "why-is-a-server-marked-down/",
  "dest" : "docs/latest/",
  "timestamp" : {
    "weekOfWeekyear" : 36,
    "weekyear" : 2016,
    "monthOfYear" : 9,
    "yearOfEra" : 2016,
    "yearOfCentury" : 16,
    "centuryOfEra" : 20,
    "millisOfSecond" : 111,
    "millisOfDay" : 51575111,
    "secondOfMinute" : 35,
    "secondOfDay" : 51575,
    "minuteOfHour" : 19,
    "minuteOfDay" : 859,
    "hourOfDay" : 14,
    "era" : 1,
    "dayOfYear" : 253,
    "dayOfWeek" : 5,
    "dayOfMonth" : 9,
    "year" : 2016,
    "chronology" : {
      "zone" : {
        "fixed" : false,
        "uncachedZone" : {
          "cachable" : true,
          "fixed" : false,
          "id" : "America/Los_Angeles"
        },
        "id" : "America/Los_Angeles"
      }
    },
    "zone" : {
      "fixed" : false,
      "uncachedZone" : {
        "cachable" : true,
        "fixed" : false,
        "id" : "America/Los_Angeles"
      },
      "id" : "America/Los_Angeles"
    },
    "millis" : 1473455975111,
    "afterNow" : false,
    "beforeNow" : true,
    "equalNow" : false
  }
}, {
  "src" : "where-can-i-download-avi-vantage",
  "dest" : "docs/latest/",
  "timestamp" : {
    "weekOfWeekyear" : 36,
    "weekyear" : 2016,
    "monthOfYear" : 9,
    "yearOfEra" : 2016,
    "yearOfCentury" : 16,
    "centuryOfEra" : 20,
    "millisOfSecond" : 617,
    "millisOfDay" : 51706617,
    "secondOfMinute" : 46,
    "secondOfDay" : 51706,
    "minuteOfHour" : 21,
    "minuteOfDay" : 861,
    "hourOfDay" : 14,
    "era" : 1,
    "dayOfYear" : 253,
    "dayOfWeek" : 5,
    "dayOfMonth" : 9,
    "year" : 2016,
    "chronology" : {
      "zone" : {
        "fixed" : false,
        "uncachedZone" : {
          "fixed" : false,
          "cachable" : true,
          "id" : "America/Los_Angeles"
        },
        "id" : "America/Los_Angeles"
      }
    },
    "zone" : {
      "fixed" : false,
      "uncachedZone" : {
        "fixed" : false,
        "cachable" : true,
        "id" : "America/Los_Angeles"
      },
      "id" : "America/Los_Angeles"
    },
    "millis" : 1473456106617,
    "afterNow" : false,
    "beforeNow" : true,
    "equalNow" : false
  }
}, {
  "src" : "ab-pool-feature",
  "dest" : "docs/latest/",
  "timestamp" : {
    "era" : 1,
    "dayOfYear" : 253,
    "dayOfWeek" : 5,
    "dayOfMonth" : 9,
    "year" : 2016,
    "weekOfWeekyear" : 36,
    "weekyear" : 2016,
    "monthOfYear" : 9,
    "yearOfEra" : 2016,
    "yearOfCentury" : 16,
    "centuryOfEra" : 20,
    "millisOfSecond" : 263,
    "millisOfDay" : 51727263,
    "secondOfMinute" : 7,
    "secondOfDay" : 51727,
    "minuteOfHour" : 22,
    "minuteOfDay" : 862,
    "hourOfDay" : 14,
    "zone" : {
      "fixed" : false,
      "uncachedZone" : {
        "fixed" : false,
        "cachable" : true,
        "id" : "America/Los_Angeles"
      },
      "id" : "America/Los_Angeles"
    },
    "millis" : 1473456127263,
    "chronology" : {
      "zone" : {
        "fixed" : false,
        "uncachedZone" : {
          "fixed" : false,
          "cachable" : true,
          "id" : "America/Los_Angeles"
        },
        "id" : "America/Los_Angeles"
      }
    },
    "afterNow" : false,
    "beforeNow" : true,
    "equalNow" : false
  }
}, {
  "src" : "webinterface-admin-options",
  "dest" : "docs/latest/",
  "timestamp" : {
    "weekOfWeekyear" : 36,
    "weekyear" : 2016,
    "monthOfYear" : 9,
    "yearOfEra" : 2016,
    "yearOfCentury" : 16,
    "centuryOfEra" : 20,
    "millisOfSecond" : 125,
    "millisOfDay" : 51943125,
    "secondOfMinute" : 43,
    "secondOfDay" : 51943,
    "minuteOfHour" : 25,
    "minuteOfDay" : 865,
    "hourOfDay" : 14,
    "era" : 1,
    "dayOfYear" : 253,
    "dayOfWeek" : 5,
    "dayOfMonth" : 9,
    "year" : 2016,
    "chronology" : {
      "zone" : {
        "fixed" : false,
        "uncachedZone" : {
          "cachable" : true,
          "fixed" : false,
          "id" : "America/Los_Angeles"
        },
        "id" : "America/Los_Angeles"
      }
    },
    "zone" : {
      "fixed" : false,
      "uncachedZone" : {
        "cachable" : true,
        "fixed" : false,
        "id" : "America/Los_Angeles"
      },
      "id" : "America/Los_Angeles"
    },
    "millis" : 1473456343125,
    "afterNow" : false,
    "beforeNow" : true,
    "equalNow" : false
  }
}, {
  "src" : "access-to-avi-portal/",
  "dest" : "docs/latest/",
  "timestamp" : {
    "weekOfWeekyear" : 36,
    "weekyear" : 2016,
    "monthOfYear" : 9,
    "yearOfEra" : 2016,
    "yearOfCentury" : 16,
    "centuryOfEra" : 20,
    "millisOfSecond" : 427,
    "millisOfDay" : 51994427,
    "secondOfMinute" : 34,
    "secondOfDay" : 51994,
    "minuteOfHour" : 26,
    "minuteOfDay" : 866,
    "hourOfDay" : 14,
    "era" : 1,
    "dayOfYear" : 253,
    "dayOfWeek" : 5,
    "dayOfMonth" : 9,
    "year" : 2016,
    "chronology" : {
      "zone" : {
        "fixed" : false,
        "uncachedZone" : {
          "cachable" : true,
          "fixed" : false,
          "id" : "America/Los_Angeles"
        },
        "id" : "America/Los_Angeles"
      }
    },
    "zone" : {
      "fixed" : false,
      "uncachedZone" : {
        "cachable" : true,
        "fixed" : false,
        "id" : "America/Los_Angeles"
      },
      "id" : "America/Los_Angeles"
    },
    "millis" : 1473456394427,
    "afterNow" : false,
    "beforeNow" : true,
    "equalNow" : false
  }
}, {
  "src" : "add-servers-to-pool-by-dns/",
  "dest" : "docs/latest/",
  "timestamp" : {
    "era" : 1,
    "dayOfYear" : 253,
    "dayOfWeek" : 5,
    "dayOfMonth" : 9,
    "year" : 2016,
    "weekOfWeekyear" : 36,
    "weekyear" : 2016,
    "monthOfYear" : 9,
    "yearOfEra" : 2016,
    "yearOfCentury" : 16,
    "centuryOfEra" : 20,
    "millisOfSecond" : 403,
    "millisOfDay" : 52005403,
    "secondOfMinute" : 45,
    "secondOfDay" : 52005,
    "minuteOfHour" : 26,
    "minuteOfDay" : 866,
    "hourOfDay" : 14,
    "zone" : {
      "fixed" : false,
      "uncachedZone" : {
        "cachable" : true,
        "fixed" : false,
        "id" : "America/Los_Angeles"
      },
      "id" : "America/Los_Angeles"
    },
    "millis" : 1473456405403,
    "chronology" : {
      "zone" : {
        "fixed" : false,
        "uncachedZone" : {
          "cachable" : true,
          "fixed" : false,
          "id" : "America/Los_Angeles"
        },
        "id" : "America/Los_Angeles"
      }
    },
    "afterNow" : false,
    "beforeNow" : true,
    "equalNow" : false
  }
}, {
  "src" : "adding-avi-service-engines-to-a-linux-server-cloud/",
  "dest" : "docs/latest/",
  "timestamp" : {
    "weekOfWeekyear" : 36,
    "weekyear" : 2016,
    "monthOfYear" : 9,
    "yearOfEra" : 2016,
    "yearOfCentury" : 16,
    "centuryOfEra" : 20,
    "millisOfSecond" : 630,
    "millisOfDay" : 52047630,
    "secondOfMinute" : 27,
    "secondOfDay" : 52047,
    "minuteOfHour" : 27,
    "minuteOfDay" : 867,
    "hourOfDay" : 14,
    "era" : 1,
    "dayOfYear" : 253,
    "dayOfWeek" : 5,
    "dayOfMonth" : 9,
    "year" : 2016,
    "chronology" : {
      "zone" : {
        "fixed" : false,
        "uncachedZone" : {
          "fixed" : false,
          "cachable" : true,
          "id" : "America/Los_Angeles"
        },
        "id" : "America/Los_Angeles"
      }
    },
    "zone" : {
      "fixed" : false,
      "uncachedZone" : {
        "fixed" : false,
        "cachable" : true,
        "id" : "America/Los_Angeles"
      },
      "id" : "America/Los_Angeles"
    },
    "millis" : 1473456447630,
    "afterNow" : false,
    "beforeNow" : true,
    "equalNow" : false
  }
}, {
  "src" : "administrative-settings/",
  "dest" : "docs/latest/",
  "timestamp" : {
    "era" : 1,
    "dayOfYear" : 253,
    "dayOfWeek" : 5,
    "dayOfMonth" : 9,
    "year" : 2016,
    "weekOfWeekyear" : 36,
    "weekyear" : 2016,
    "monthOfYear" : 9,
    "yearOfEra" : 2016,
    "yearOfCentury" : 16,
    "centuryOfEra" : 20,
    "millisOfSecond" : 186,
    "millisOfDay" : 52057186,
    "secondOfMinute" : 37,
    "secondOfDay" : 52057,
    "minuteOfHour" : 27,
    "minuteOfDay" : 867,
    "hourOfDay" : 14,
    "zone" : {
      "uncachedZone" : {
        "cachable" : true,
        "fixed" : false,
        "id" : "America/Los_Angeles"
      },
      "fixed" : false,
      "id" : "America/Los_Angeles"
    },
    "millis" : 1473456457186,
    "chronology" : {
      "zone" : {
        "uncachedZone" : {
          "cachable" : true,
          "fixed" : false,
          "id" : "America/Los_Angeles"
        },
        "fixed" : false,
        "id" : "America/Los_Angeles"
      }
    },
    "afterNow" : false,
    "beforeNow" : true,
    "equalNow" : false
  }
}, {
  "src" : "alert-actions/",
  "dest" : "docs/latest/",
  "timestamp" : {
    "weekOfWeekyear" : 36,
    "weekyear" : 2016,
    "monthOfYear" : 9,
    "yearOfEra" : 2016,
    "yearOfCentury" : 16,
    "centuryOfEra" : 20,
    "millisOfSecond" : 547,
    "millisOfDay" : 52068547,
    "secondOfMinute" : 48,
    "secondOfDay" : 52068,
    "minuteOfHour" : 27,
    "minuteOfDay" : 867,
    "hourOfDay" : 14,
    "era" : 1,
    "dayOfYear" : 253,
    "dayOfWeek" : 5,
    "dayOfMonth" : 9,
    "year" : 2016,
    "chronology" : {
      "zone" : {
        "fixed" : false,
        "uncachedZone" : {
          "cachable" : true,
          "fixed" : false,
          "id" : "America/Los_Angeles"
        },
        "id" : "America/Los_Angeles"
      }
    },
    "zone" : {
      "fixed" : false,
      "uncachedZone" : {
        "cachable" : true,
        "fixed" : false,
        "id" : "America/Los_Angeles"
      },
      "id" : "America/Los_Angeles"
    },
    "millis" : 1473456468547,
    "afterNow" : false,
    "beforeNow" : true,
    "equalNow" : false
  }
}, {
  "src" : "alert-config/",
  "dest" : "docs/latest/",
  "timestamp" : {
    "era" : 1,
    "dayOfYear" : 253,
    "dayOfWeek" : 5,
    "dayOfMonth" : 9,
    "year" : 2016,
    "weekOfWeekyear" : 36,
    "weekyear" : 2016,
    "monthOfYear" : 9,
    "yearOfEra" : 2016,
    "yearOfCentury" : 16,
    "centuryOfEra" : 20,
    "millisOfSecond" : 3,
    "millisOfDay" : 52078003,
    "secondOfMinute" : 58,
    "secondOfDay" : 52078,
    "minuteOfHour" : 27,
    "minuteOfDay" : 867,
    "hourOfDay" : 14,
    "zone" : {
      "fixed" : false,
      "uncachedZone" : {
        "cachable" : true,
        "fixed" : false,
        "id" : "America/Los_Angeles"
      },
      "id" : "America/Los_Angeles"
    },
    "millis" : 1473456478003,
    "chronology" : {
      "zone" : {
        "fixed" : false,
        "uncachedZone" : {
          "cachable" : true,
          "fixed" : false,
          "id" : "America/Los_Angeles"
        },
        "id" : "America/Los_Angeles"
      }
    },
    "afterNow" : false,
    "beforeNow" : true,
    "equalNow" : false
  }
}, {
  "src" : "alerts-overview/",
  "dest" : "docs/latest/",
  "timestamp" : {
    "weekOfWeekyear" : 36,
    "weekyear" : 2016,
    "monthOfYear" : 9,
    "yearOfEra" : 2016,
    "yearOfCentury" : 16,
    "centuryOfEra" : 20,
    "millisOfSecond" : 724,
    "millisOfDay" : 52088724,
    "secondOfMinute" : 8,
    "secondOfDay" : 52088,
    "minuteOfHour" : 28,
    "minuteOfDay" : 868,
    "hourOfDay" : 14,
    "era" : 1,
    "dayOfYear" : 253,
    "dayOfWeek" : 5,
    "dayOfMonth" : 9,
    "year" : 2016,
    "chronology" : {
      "zone" : {
        "fixed" : false,
        "uncachedZone" : {
          "fixed" : false,
          "cachable" : true,
          "id" : "America/Los_Angeles"
        },
        "id" : "America/Los_Angeles"
      }
    },
    "zone" : {
      "fixed" : false,
      "uncachedZone" : {
        "fixed" : false,
        "cachable" : true,
        "id" : "America/Los_Angeles"
      },
      "id" : "America/Los_Angeles"
    },
    "millis" : 1473456488724,
    "afterNow" : false,
    "beforeNow" : true,
    "equalNow" : false
  }
}, {
  "src" : "all-tenants-view/",
  "dest" : "docs/latest/",
  "timestamp" : {
    "weekOfWeekyear" : 36,
    "weekyear" : 2016,
    "monthOfYear" : 9,
    "yearOfEra" : 2016,
    "yearOfCentury" : 16,
    "centuryOfEra" : 20,
    "millisOfSecond" : 239,
    "millisOfDay" : 52100239,
    "secondOfMinute" : 20,
    "secondOfDay" : 52100,
    "minuteOfHour" : 28,
    "minuteOfDay" : 868,
    "hourOfDay" : 14,
    "era" : 1,
    "dayOfYear" : 253,
    "dayOfWeek" : 5,
    "dayOfMonth" : 9,
    "year" : 2016,
    "chronology" : {
      "zone" : {
        "uncachedZone" : {
          "cachable" : true,
          "fixed" : false,
          "id" : "America/Los_Angeles"
        },
        "fixed" : false,
        "id" : "America/Los_Angeles"
      }
    },
    "zone" : {
      "uncachedZone" : {
        "cachable" : true,
        "fixed" : false,
        "id" : "America/Los_Angeles"
      },
      "fixed" : false,
      "id" : "America/Los_Angeles"
    },
    "millis" : 1473456500239,
    "afterNow" : false,
    "beforeNow" : true,
    "equalNow" : false
  }
}, {
  "src" : "allowed-characters-for-object-names",
  "dest" : "docs/latest/",
  "timestamp" : {
    "weekOfWeekyear" : 36,
    "weekyear" : 2016,
    "monthOfYear" : 9,
    "yearOfEra" : 2016,
    "yearOfCentury" : 16,
    "centuryOfEra" : 20,
    "millisOfSecond" : 706,
    "millisOfDay" : 52108706,
    "secondOfMinute" : 28,
    "secondOfDay" : 52108,
    "minuteOfHour" : 28,
    "minuteOfDay" : 868,
    "hourOfDay" : 14,
    "era" : 1,
    "dayOfYear" : 253,
    "dayOfWeek" : 5,
    "dayOfMonth" : 9,
    "year" : 2016,
    "chronology" : {
      "zone" : {
        "fixed" : false,
        "uncachedZone" : {
          "fixed" : false,
          "cachable" : true,
          "id" : "America/Los_Angeles"
        },
        "id" : "America/Los_Angeles"
      }
    },
    "zone" : {
      "fixed" : false,
      "uncachedZone" : {
        "fixed" : false,
        "cachable" : true,
        "id" : "America/Los_Angeles"
      },
      "id" : "America/Los_Angeles"
    },
    "millis" : 1473456508706,
    "afterNow" : false,
    "beforeNow" : true,
    "equalNow" : false
  }
}, {
  "src" : "anti-affinity-for-service-engine-placement/",
  "dest" : "docs/latest/",
  "timestamp" : {
    "weekOfWeekyear" : 36,
    "weekyear" : 2016,
    "monthOfYear" : 9,
    "yearOfEra" : 2016,
    "yearOfCentury" : 16,
    "centuryOfEra" : 20,
    "millisOfSecond" : 209,
    "millisOfDay" : 52127209,
    "secondOfMinute" : 47,
    "secondOfDay" : 52127,
    "minuteOfHour" : 28,
    "minuteOfDay" : 868,
    "hourOfDay" : 14,
    "era" : 1,
    "dayOfYear" : 253,
    "dayOfWeek" : 5,
    "dayOfMonth" : 9,
    "year" : 2016,
    "chronology" : {
      "zone" : {
        "uncachedZone" : {
          "cachable" : true,
          "fixed" : false,
          "id" : "America/Los_Angeles"
        },
        "fixed" : false,
        "id" : "America/Los_Angeles"
      }
    },
    "zone" : {
      "uncachedZone" : {
        "cachable" : true,
        "fixed" : false,
        "id" : "America/Los_Angeles"
      },
      "fixed" : false,
      "id" : "America/Los_Angeles"
    },
    "millis" : 1473456527209,
    "afterNow" : false,
    "beforeNow" : true,
    "equalNow" : false
  }
}, {
  "src" : "api-configuring-a-controller-cluster/",
  "dest" : "docs/latest/",
  "timestamp" : {
    "era" : 1,
    "dayOfYear" : 253,
    "dayOfWeek" : 5,
    "dayOfMonth" : 9,
    "year" : 2016,
    "weekyear" : 2016,
    "weekOfWeekyear" : 36,
    "monthOfYear" : 9,
    "yearOfEra" : 2016,
    "yearOfCentury" : 16,
    "centuryOfEra" : 20,
    "millisOfSecond" : 293,
    "millisOfDay" : 52139293,
    "secondOfMinute" : 59,
    "secondOfDay" : 52139,
    "minuteOfHour" : 28,
    "minuteOfDay" : 868,
    "hourOfDay" : 14,
    "zone" : {
      "uncachedZone" : {
        "cachable" : true,
        "fixed" : false,
        "id" : "America/Los_Angeles"
      },
      "fixed" : false,
      "id" : "America/Los_Angeles"
    },
    "millis" : 1473456539293,
    "chronology" : {
      "zone" : {
        "uncachedZone" : {
          "cachable" : true,
          "fixed" : false,
          "id" : "America/Los_Angeles"
        },
        "fixed" : false,
        "id" : "America/Los_Angeles"
      }
    },
    "afterNow" : false,
    "beforeNow" : true,
    "equalNow" : false
  }
}, {
  "src" : "api-guide",
  "dest" : "docs/latest/",
  "timestamp" : {
    "weekOfWeekyear" : 36,
    "weekyear" : 2016,
    "monthOfYear" : 9,
    "yearOfEra" : 2016,
    "yearOfCentury" : 16,
    "centuryOfEra" : 20,
    "millisOfSecond" : 348,
    "millisOfDay" : 52146348,
    "secondOfMinute" : 6,
    "secondOfDay" : 52146,
    "minuteOfHour" : 29,
    "minuteOfDay" : 869,
    "hourOfDay" : 14,
    "era" : 1,
    "dayOfYear" : 253,
    "dayOfWeek" : 5,
    "dayOfMonth" : 9,
    "year" : 2016,
    "chronology" : {
      "zone" : {
        "fixed" : false,
        "uncachedZone" : {
          "cachable" : true,
          "fixed" : false,
          "id" : "America/Los_Angeles"
        },
        "id" : "America/Los_Angeles"
      }
    },
    "zone" : {
      "fixed" : false,
      "uncachedZone" : {
        "cachable" : true,
        "fixed" : false,
        "id" : "America/Los_Angeles"
      },
      "id" : "America/Los_Angeles"
    },
    "millis" : 1473456546348,
    "afterNow" : false,
    "beforeNow" : true,
    "equalNow" : false
  }
}, {
  "src" : "api-http-patch-support",
  "dest" : "docs/latest/",
  "timestamp" : {
    "monthOfYear" : 9,
    "yearOfEra" : 2016,
    "yearOfCentury" : 16,
    "centuryOfEra" : 20,
    "weekyear" : 2016,
    "millisOfSecond" : 181,
    "millisOfDay" : 52153181,
    "weekOfWeekyear" : 36,
    "secondOfMinute" : 13,
    "secondOfDay" : 52153,
    "minuteOfHour" : 29,
    "minuteOfDay" : 869,
    "hourOfDay" : 14,
    "era" : 1,
    "dayOfYear" : 253,
    "dayOfWeek" : 5,
    "dayOfMonth" : 9,
    "year" : 2016,
    "chronology" : {
      "zone" : {
        "uncachedZone" : {
          "cachable" : true,
          "fixed" : false,
          "id" : "America/Los_Angeles"
        },
        "fixed" : false,
        "id" : "America/Los_Angeles"
      }
    },
    "zone" : {
      "uncachedZone" : {
        "cachable" : true,
        "fixed" : false,
        "id" : "America/Los_Angeles"
      },
      "fixed" : false,
      "id" : "America/Los_Angeles"
    },
    "millis" : 1473456553181,
    "afterNow" : false,
    "beforeNow" : true,
    "equalNow" : false
  }
}, {
  "src" : "api-json-response-viewed-from-a-web-browser/",
  "dest" : "docs/latest/",
  "timestamp" : {
    "era" : 1,
    "dayOfYear" : 253,
    "dayOfWeek" : 5,
    "dayOfMonth" : 9,
    "year" : 2016,
    "weekOfWeekyear" : 36,
    "weekyear" : 2016,
    "monthOfYear" : 9,
    "yearOfEra" : 2016,
    "yearOfCentury" : 16,
    "centuryOfEra" : 20,
    "millisOfSecond" : 638,
    "millisOfDay" : 52162638,
    "secondOfMinute" : 22,
    "secondOfDay" : 52162,
    "minuteOfHour" : 29,
    "minuteOfDay" : 869,
    "hourOfDay" : 14,
    "zone" : {
      "fixed" : false,
      "uncachedZone" : {
        "cachable" : true,
        "fixed" : false,
        "id" : "America/Los_Angeles"
      },
      "id" : "America/Los_Angeles"
    },
    "millis" : 1473456562638,
    "chronology" : {
      "zone" : {
        "fixed" : false,
        "uncachedZone" : {
          "cachable" : true,
          "fixed" : false,
          "id" : "America/Los_Angeles"
        },
        "id" : "America/Los_Angeles"
      }
    },
    "afterNow" : false,
    "beforeNow" : true,
    "equalNow" : false
  }
}, {
  "src" : "app-cookie-persistence/",
  "dest" : "docs/latest/",
  "timestamp" : {
    "weekOfWeekyear" : 36,
    "weekyear" : 2016,
    "monthOfYear" : 9,
    "yearOfEra" : 2016,
    "yearOfCentury" : 16,
    "centuryOfEra" : 20,
    "millisOfSecond" : 575,
    "millisOfDay" : 52170575,
    "secondOfMinute" : 30,
    "secondOfDay" : 52170,
    "minuteOfHour" : 29,
    "minuteOfDay" : 869,
    "hourOfDay" : 14,
    "era" : 1,
    "dayOfYear" : 253,
    "dayOfWeek" : 5,
    "dayOfMonth" : 9,
    "year" : 2016,
    "chronology" : {
      "zone" : {
        "uncachedZone" : {
          "cachable" : true,
          "fixed" : false,
          "id" : "America/Los_Angeles"
        },
        "fixed" : false,
        "id" : "America/Los_Angeles"
      }
    },
    "zone" : {
      "uncachedZone" : {
        "cachable" : true,
        "fixed" : false,
        "id" : "America/Los_Angeles"
      },
      "fixed" : false,
      "id" : "America/Los_Angeles"
    },
    "millis" : 1473456570575,
    "afterNow" : false,
    "beforeNow" : true,
    "equalNow" : false
  }
}, {
  "src" : "app-transport-security/",
  "dest" : "docs/latest/",
  "timestamp" : {
    "weekOfWeekyear" : 36,
    "weekyear" : 2016,
    "monthOfYear" : 9,
    "yearOfEra" : 2016,
    "yearOfCentury" : 16,
    "centuryOfEra" : 20,
    "millisOfSecond" : 879,
    "millisOfDay" : 52179879,
    "secondOfMinute" : 39,
    "secondOfDay" : 52179,
    "minuteOfHour" : 29,
    "minuteOfDay" : 869,
    "hourOfDay" : 14,
    "era" : 1,
    "dayOfYear" : 253,
    "dayOfWeek" : 5,
    "dayOfMonth" : 9,
    "year" : 2016,
    "chronology" : {
      "zone" : {
        "fixed" : false,
        "uncachedZone" : {
          "cachable" : true,
          "fixed" : false,
          "id" : "America/Los_Angeles"
        },
        "id" : "America/Los_Angeles"
      }
    },
    "zone" : {
      "fixed" : false,
      "uncachedZone" : {
        "cachable" : true,
        "fixed" : false,
        "id" : "America/Los_Angeles"
      },
      "id" : "America/Los_Angeles"
    },
    "millis" : 1473456579879,
    "afterNow" : false,
    "beforeNow" : true,
    "equalNow" : false
  }
}, {
  "src" : "application-profile/",
  "dest" : "docs/latest/",
  "timestamp" : {
    "weekOfWeekyear" : 36,
    "weekyear" : 2016,
    "monthOfYear" : 9,
    "yearOfEra" : 2016,
    "yearOfCentury" : 16,
    "centuryOfEra" : 20,
    "millisOfSecond" : 530,
    "millisOfDay" : 52189530,
    "secondOfMinute" : 49,
    "secondOfDay" : 52189,
    "minuteOfHour" : 29,
    "minuteOfDay" : 869,
    "hourOfDay" : 14,
    "era" : 1,
    "dayOfYear" : 253,
    "dayOfWeek" : 5,
    "dayOfMonth" : 9,
    "year" : 2016,
    "chronology" : {
      "zone" : {
        "fixed" : false,
        "uncachedZone" : {
          "cachable" : true,
          "fixed" : false,
          "id" : "America/Los_Angeles"
        },
        "id" : "America/Los_Angeles"
      }
    },
    "zone" : {
      "fixed" : false,
      "uncachedZone" : {
        "cachable" : true,
        "fixed" : false,
        "id" : "America/Los_Angeles"
      },
      "id" : "America/Los_Angeles"
    },
    "millis" : 1473456589530,
    "afterNow" : false,
    "beforeNow" : true,
    "equalNow" : false
  }
}, {
  "src" : "auth-profile/",
  "dest" : "docs/latest/",
  "timestamp" : {
    "era" : 1,
    "dayOfYear" : 253,
    "dayOfWeek" : 5,
    "dayOfMonth" : 9,
    "year" : 2016,
    "weekOfWeekyear" : 36,
    "weekyear" : 2016,
    "monthOfYear" : 9,
    "yearOfEra" : 2016,
    "yearOfCentury" : 16,
    "centuryOfEra" : 20,
    "millisOfSecond" : 35,
    "millisOfDay" : 52200035,
    "secondOfMinute" : 0,
    "secondOfDay" : 52200,
    "minuteOfHour" : 30,
    "minuteOfDay" : 870,
    "hourOfDay" : 14,
    "zone" : {
      "fixed" : false,
      "uncachedZone" : {
        "fixed" : false,
        "cachable" : true,
        "id" : "America/Los_Angeles"
      },
      "id" : "America/Los_Angeles"
    },
    "millis" : 1473456600035,
    "chronology" : {
      "zone" : {
        "fixed" : false,
        "uncachedZone" : {
          "fixed" : false,
          "cachable" : true,
          "id" : "America/Los_Angeles"
        },
        "id" : "America/Los_Angeles"
      }
    },
    "afterNow" : false,
    "beforeNow" : true,
    "equalNow" : false
  }
}, {
  "src" : "authorization-tenant-and-role-mapping-examples/",
  "dest" : "docs/latest/",
  "timestamp" : {
    "era" : 1,
    "dayOfYear" : 253,
    "dayOfWeek" : 5,
    "dayOfMonth" : 9,
    "year" : 2016,
    "weekOfWeekyear" : 36,
    "weekyear" : 2016,
    "monthOfYear" : 9,
    "yearOfEra" : 2016,
    "yearOfCentury" : 16,
    "centuryOfEra" : 20,
    "millisOfSecond" : 604,
    "millisOfDay" : 52220604,
    "secondOfMinute" : 20,
    "secondOfDay" : 52220,
    "minuteOfHour" : 30,
    "minuteOfDay" : 870,
    "hourOfDay" : 14,
    "zone" : {
      "fixed" : false,
      "uncachedZone" : {
        "cachable" : true,
        "fixed" : false,
        "id" : "America/Los_Angeles"
      },
      "id" : "America/Los_Angeles"
    },
    "millis" : 1473456620604,
    "chronology" : {
      "zone" : {
        "fixed" : false,
        "uncachedZone" : {
          "cachable" : true,
          "fixed" : false,
          "id" : "America/Los_Angeles"
        },
        "id" : "America/Los_Angeles"
      }
    },
    "afterNow" : false,
    "beforeNow" : true,
    "equalNow" : false
  }
}, {
  "src" : "autoscale-service-engines/",
  "dest" : "docs/latest/",
  "timestamp" : {
    "weekOfWeekyear" : 36,
    "weekyear" : 2016,
    "monthOfYear" : 9,
    "yearOfEra" : 2016,
    "yearOfCentury" : 16,
    "centuryOfEra" : 20,
    "millisOfSecond" : 774,
    "millisOfDay" : 52231774,
    "secondOfMinute" : 31,
    "secondOfDay" : 52231,
    "minuteOfHour" : 30,
    "minuteOfDay" : 870,
    "hourOfDay" : 14,
    "era" : 1,
    "dayOfYear" : 253,
    "dayOfWeek" : 5,
    "dayOfMonth" : 9,
    "year" : 2016,
    "chronology" : {
      "zone" : {
        "fixed" : false,
        "uncachedZone" : {
          "cachable" : true,
          "fixed" : false,
          "id" : "America/Los_Angeles"
        },
        "id" : "America/Los_Angeles"
      }
    },
    "zone" : {
      "fixed" : false,
      "uncachedZone" : {
        "cachable" : true,
        "fixed" : false,
        "id" : "America/Los_Angeles"
      },
      "id" : "America/Los_Angeles"
    },
    "millis" : 1473456631774,
    "afterNow" : false,
    "beforeNow" : true,
    "equalNow" : false
  }
}, {
  "src" : "avi-controller-alerts-log/",
  "dest" : "docs/latest/",
  "timestamp" : {
    "era" : 1,
    "dayOfYear" : 253,
    "dayOfWeek" : 5,
    "dayOfMonth" : 9,
    "year" : 2016,
    "weekOfWeekyear" : 36,
    "weekyear" : 2016,
    "monthOfYear" : 9,
    "yearOfEra" : 2016,
    "yearOfCentury" : 16,
    "centuryOfEra" : 20,
    "millisOfSecond" : 529,
    "millisOfDay" : 52277529,
    "secondOfMinute" : 17,
    "secondOfDay" : 52277,
    "minuteOfHour" : 31,
    "minuteOfDay" : 871,
    "hourOfDay" : 14,
    "zone" : {
      "uncachedZone" : {
        "cachable" : true,
        "fixed" : false,
        "id" : "America/Los_Angeles"
      },
      "fixed" : false,
      "id" : "America/Los_Angeles"
    },
    "millis" : 1473456677529,
    "chronology" : {
      "zone" : {
        "uncachedZone" : {
          "cachable" : true,
          "fixed" : false,
          "id" : "America/Los_Angeles"
        },
        "fixed" : false,
        "id" : "America/Los_Angeles"
      }
    },
    "afterNow" : false,
    "beforeNow" : true,
    "equalNow" : false
  }
}, {
  "src" : "avi-controller-analytics-page",
  "dest" : "docs/latest/",
  "timestamp" : {
    "weekOfWeekyear" : 36,
    "weekyear" : 2016,
    "monthOfYear" : 9,
    "yearOfEra" : 2016,
    "yearOfCentury" : 16,
    "centuryOfEra" : 20,
    "millisOfSecond" : 508,
    "millisOfDay" : 52289508,
    "secondOfMinute" : 29,
    "secondOfDay" : 52289,
    "minuteOfHour" : 31,
    "minuteOfDay" : 871,
    "hourOfDay" : 14,
    "era" : 1,
    "dayOfYear" : 253,
    "dayOfWeek" : 5,
    "dayOfMonth" : 9,
    "year" : 2016,
    "chronology" : {
      "zone" : {
        "fixed" : false,
        "uncachedZone" : {
          "fixed" : false,
          "cachable" : true,
          "id" : "America/Los_Angeles"
        },
        "id" : "America/Los_Angeles"
      }
    },
    "zone" : {
      "fixed" : false,
      "uncachedZone" : {
        "fixed" : false,
        "cachable" : true,
        "id" : "America/Los_Angeles"
      },
      "id" : "America/Los_Angeles"
    },
    "millis" : 1473456689508,
    "afterNow" : false,
    "beforeNow" : true,
    "equalNow" : false
  }
}, {
  "src" : "avi-controller-events-log/",
  "dest" : "docs/latest/",
  "timestamp" : {
    "weekOfWeekyear" : 36,
    "weekyear" : 2016,
    "monthOfYear" : 9,
    "yearOfEra" : 2016,
    "yearOfCentury" : 16,
    "centuryOfEra" : 20,
    "millisOfSecond" : 598,
    "millisOfDay" : 52304598,
    "secondOfMinute" : 44,
    "secondOfDay" : 52304,
    "minuteOfHour" : 31,
    "minuteOfDay" : 871,
    "hourOfDay" : 14,
    "era" : 1,
    "dayOfYear" : 253,
    "dayOfWeek" : 5,
    "dayOfMonth" : 9,
    "year" : 2016,
    "chronology" : {
      "zone" : {
        "fixed" : false,
        "uncachedZone" : {
          "cachable" : true,
          "fixed" : false,
          "id" : "America/Los_Angeles"
        },
        "id" : "America/Los_Angeles"
      }
    },
    "zone" : {
      "fixed" : false,
      "uncachedZone" : {
        "cachable" : true,
        "fixed" : false,
        "id" : "America/Los_Angeles"
      },
      "id" : "America/Los_Angeles"
    },
    "millis" : 1473456704598,
    "afterNow" : false,
    "beforeNow" : true,
    "equalNow" : false
  }
}, {
  "src" : "avi-controller-sizing",
  "dest" : "docs/latest/",
  "timestamp" : {
    "weekOfWeekyear" : 37,
    "weekyear" : 2016,
    "monthOfYear" : 9,
    "yearOfEra" : 2016,
    "yearOfCentury" : 16,
    "centuryOfEra" : 20,
    "millisOfSecond" : 577,
    "millisOfDay" : 57709577,
    "secondOfMinute" : 49,
    "secondOfDay" : 57709,
    "minuteOfHour" : 1,
    "minuteOfDay" : 961,
    "hourOfDay" : 16,
    "era" : 1,
    "dayOfYear" : 256,
    "dayOfWeek" : 1,
    "dayOfMonth" : 12,
    "year" : 2016,
    "chronology" : {
      "zone" : {
        "fixed" : false,
        "uncachedZone" : {
          "fixed" : false,
          "cachable" : true,
          "id" : "America/Los_Angeles"
        },
        "id" : "America/Los_Angeles"
      }
    },
    "zone" : {
      "fixed" : false,
      "uncachedZone" : {
        "fixed" : false,
        "cachable" : true,
        "id" : "America/Los_Angeles"
      },
      "id" : "America/Los_Angeles"
    },
    "millis" : 1473721309577,
    "afterNow" : false,
    "beforeNow" : true,
    "equalNow" : false
  }
}, {
  "src" : "avi-networks-education-references",
  "dest" : "docs/latest/avi-networks-education-references",
  "timestamp" : {
    "weekOfWeekyear" : 37,
    "weekyear" : 2016,
    "monthOfYear" : 9,
    "yearOfEra" : 2016,
    "yearOfCentury" : 16,
    "centuryOfEra" : 20,
    "millisOfSecond" : 852,
    "millisOfDay" : 57955852,
    "secondOfMinute" : 55,
    "secondOfDay" : 57955,
    "minuteOfHour" : 5,
    "minuteOfDay" : 965,
    "hourOfDay" : 16,
    "era" : 1,
    "dayOfYear" : 256,
    "dayOfWeek" : 1,
    "dayOfMonth" : 12,
    "year" : 2016,
    "chronology" : {
      "zone" : {
        "fixed" : false,
        "uncachedZone" : {
          "fixed" : false,
          "cachable" : true,
          "id" : "America/Los_Angeles"
        },
        "id" : "America/Los_Angeles"
      }
    },
    "zone" : {
      "fixed" : false,
      "uncachedZone" : {
        "fixed" : false,
        "cachable" : true,
        "id" : "America/Los_Angeles"
      },
      "id" : "America/Los_Angeles"
    },
    "millis" : 1473721555852,
    "afterNow" : false,
    "beforeNow" : true,
    "equalNow" : false
  }
}, {
  "src" : "avi-networks-eula",
  "dest" : "docs/latest/avi-networks-eula",
  "timestamp" : {
    "weekOfWeekyear" : 37,
    "weekyear" : 2016,
    "monthOfYear" : 9,
    "yearOfEra" : 2016,
    "yearOfCentury" : 16,
    "centuryOfEra" : 20,
    "millisOfSecond" : 603,
    "millisOfDay" : 57984603,
    "secondOfMinute" : 24,
    "secondOfDay" : 57984,
    "minuteOfHour" : 6,
    "minuteOfDay" : 966,
    "hourOfDay" : 16,
    "era" : 1,
    "dayOfYear" : 256,
    "dayOfWeek" : 1,
    "dayOfMonth" : 12,
    "year" : 2016,
    "chronology" : {
      "zone" : {
        "uncachedZone" : {
          "cachable" : true,
          "fixed" : false,
          "id" : "America/Los_Angeles"
        },
        "fixed" : false,
        "id" : "America/Los_Angeles"
      }
    },
    "zone" : {
      "uncachedZone" : {
        "cachable" : true,
        "fixed" : false,
        "id" : "America/Los_Angeles"
      },
      "fixed" : false,
      "id" : "America/Los_Angeles"
    },
    "millis" : 1473721584603,
    "afterNow" : false,
    "beforeNow" : true,
    "equalNow" : false
  }
}, {
  "src" : "avi-se-behavior-on-gateway-monitor-failure",
  "dest" : "docs/latest/avi-se-behavior-on-gateway-monitor-failure",
  "timestamp" : {
    "weekOfWeekyear" : 37,
    "weekyear" : 2016,
    "monthOfYear" : 9,
    "yearOfEra" : 2016,
    "yearOfCentury" : 16,
    "centuryOfEra" : 20,
    "millisOfSecond" : 479,
    "millisOfDay" : 58117479,
    "secondOfMinute" : 37,
    "secondOfDay" : 58117,
    "minuteOfHour" : 8,
    "minuteOfDay" : 968,
    "hourOfDay" : 16,
    "era" : 1,
    "dayOfYear" : 256,
    "dayOfWeek" : 1,
    "dayOfMonth" : 12,
    "year" : 2016,
    "chronology" : {
      "zone" : {
        "uncachedZone" : {
          "cachable" : true,
          "fixed" : false,
          "id" : "America/Los_Angeles"
        },
        "fixed" : false,
        "id" : "America/Los_Angeles"
      }
    },
    "zone" : {
      "uncachedZone" : {
        "cachable" : true,
        "fixed" : false,
        "id" : "America/Los_Angeles"
      },
      "fixed" : false,
      "id" : "America/Los_Angeles"
    },
    "millis" : 1473721717479,
    "afterNow" : false,
    "beforeNow" : true,
    "equalNow" : false
  }
}, {
  "src" : "avi-service-engine-group-options",
  "dest" : "docs/latest/avi-service-engine-group-options",
  "timestamp" : {
    "weekOfWeekyear" : 37,
    "weekyear" : 2016,
    "monthOfYear" : 9,
    "yearOfEra" : 2016,
    "yearOfCentury" : 16,
    "centuryOfEra" : 20,
    "millisOfSecond" : 358,
    "millisOfDay" : 58319358,
    "secondOfMinute" : 59,
    "secondOfDay" : 58319,
    "minuteOfHour" : 11,
    "minuteOfDay" : 971,
    "hourOfDay" : 16,
    "era" : 1,
    "dayOfYear" : 256,
    "dayOfWeek" : 1,
    "dayOfMonth" : 12,
    "year" : 2016,
    "chronology" : {
      "zone" : {
        "fixed" : false,
        "uncachedZone" : {
          "cachable" : true,
          "fixed" : false,
          "id" : "America/Los_Angeles"
        },
        "id" : "America/Los_Angeles"
      }
    },
    "zone" : {
      "fixed" : false,
      "uncachedZone" : {
        "cachable" : true,
        "fixed" : false,
        "id" : "America/Los_Angeles"
      },
      "id" : "America/Los_Angeles"
    },
    "millis" : 1473721919358,
    "afterNow" : false,
    "beforeNow" : true,
    "equalNow" : false
  }
}, {
  "src" : "avi-vantage-integration-with-rancheros",
  "dest" : "docs/latest/avi-vantage-integration-with-rancheros",
  "timestamp" : {
    "weekOfWeekyear" : 37,
    "weekyear" : 2016,
    "monthOfYear" : 9,
    "yearOfEra" : 2016,
    "yearOfCentury" : 16,
    "centuryOfEra" : 20,
    "millisOfSecond" : 891,
    "millisOfDay" : 58358891,
    "secondOfMinute" : 38,
    "secondOfDay" : 58358,
    "minuteOfHour" : 12,
    "minuteOfDay" : 972,
    "hourOfDay" : 16,
    "era" : 1,
    "dayOfYear" : 256,
    "dayOfWeek" : 1,
    "dayOfMonth" : 12,
    "year" : 2016,
    "chronology" : {
      "zone" : {
        "fixed" : false,
        "uncachedZone" : {
          "fixed" : false,
          "cachable" : true,
          "id" : "America/Los_Angeles"
        },
        "id" : "America/Los_Angeles"
      }
    },
    "zone" : {
      "fixed" : false,
      "uncachedZone" : {
        "fixed" : false,
        "cachable" : true,
        "id" : "America/Los_Angeles"
      },
      "id" : "America/Los_Angeles"
    },
    "millis" : 1473721958891,
    "afterNow" : false,
    "beforeNow" : true,
    "equalNow" : false
  }
}, {
  "src" : "avi-vantage-integration-with-safenet-network-hsm",
  "dest" : "docs/latest/avi-vantage-integration-with-safenet-network-hsm",
  "timestamp" : {
    "weekOfWeekyear" : 37,
    "weekyear" : 2016,
    "monthOfYear" : 9,
    "yearOfEra" : 2016,
    "yearOfCentury" : 16,
    "centuryOfEra" : 20,
    "millisOfSecond" : 466,
    "millisOfDay" : 58370466,
    "secondOfMinute" : 50,
    "secondOfDay" : 58370,
    "minuteOfHour" : 12,
    "minuteOfDay" : 972,
    "hourOfDay" : 16,
    "era" : 1,
    "dayOfYear" : 256,
    "dayOfWeek" : 1,
    "dayOfMonth" : 12,
    "year" : 2016,
    "chronology" : {
      "zone" : {
        "fixed" : false,
        "uncachedZone" : {
          "cachable" : true,
          "fixed" : false,
          "id" : "America/Los_Angeles"
        },
        "id" : "America/Los_Angeles"
      }
    },
    "zone" : {
      "fixed" : false,
      "uncachedZone" : {
        "cachable" : true,
        "fixed" : false,
        "id" : "America/Los_Angeles"
      },
      "id" : "America/Los_Angeles"
    },
    "millis" : 1473721970466,
    "afterNow" : false,
    "beforeNow" : true,
    "equalNow" : false
  }
}, {
  "src" : "avi-vantage-license-management",
  "dest" : "docs/latest/avi-vantage-license-management",
  "timestamp" : {
    "weekOfWeekyear" : 37,
    "weekyear" : 2016,
    "monthOfYear" : 9,
    "yearOfEra" : 2016,
    "yearOfCentury" : 16,
    "centuryOfEra" : 20,
    "millisOfSecond" : 998,
    "millisOfDay" : 58383998,
    "secondOfMinute" : 3,
    "secondOfDay" : 58383,
    "minuteOfHour" : 13,
    "minuteOfDay" : 973,
    "hourOfDay" : 16,
    "era" : 1,
    "dayOfYear" : 256,
    "dayOfWeek" : 1,
    "dayOfMonth" : 12,
    "year" : 2016,
    "chronology" : {
      "zone" : {
        "fixed" : false,
        "uncachedZone" : {
          "cachable" : true,
          "fixed" : false,
          "id" : "America/Los_Angeles"
        },
        "id" : "America/Los_Angeles"
      }
    },
    "zone" : {
      "fixed" : false,
      "uncachedZone" : {
        "cachable" : true,
        "fixed" : false,
        "id" : "America/Los_Angeles"
      },
      "id" : "America/Los_Angeles"
    },
    "millis" : 1473721983998,
    "afterNow" : false,
    "beforeNow" : true,
    "equalNow" : false
  }
}, {
  "src" : "avi-vantage-openshift-installation-guide",
  "dest" : "docs/latest/avi-vantage-openshift-installation-guide",
  "timestamp" : {
    "era" : 1,
    "dayOfYear" : 256,
    "dayOfWeek" : 1,
    "dayOfMonth" : 12,
    "year" : 2016,
    "weekOfWeekyear" : 37,
    "weekyear" : 2016,
    "monthOfYear" : 9,
    "yearOfEra" : 2016,
    "yearOfCentury" : 16,
    "centuryOfEra" : 20,
    "millisOfSecond" : 213,
    "millisOfDay" : 58434213,
    "secondOfMinute" : 54,
    "secondOfDay" : 58434,
    "minuteOfHour" : 13,
    "minuteOfDay" : 973,
    "hourOfDay" : 16,
    "zone" : {
      "fixed" : false,
      "uncachedZone" : {
        "fixed" : false,
        "cachable" : true,
        "id" : "America/Los_Angeles"
      },
      "id" : "America/Los_Angeles"
    },
    "millis" : 1473722034213,
    "chronology" : {
      "zone" : {
        "fixed" : false,
        "uncachedZone" : {
          "fixed" : false,
          "cachable" : true,
          "id" : "America/Los_Angeles"
        },
        "id" : "America/Los_Angeles"
      }
    },
    "afterNow" : false,
    "beforeNow" : true,
    "equalNow" : false
  }
}, {
  "src" : "aws-linux-cloud-with-no-access-mode",
  "dest" : "docs/latest/aws-linux-cloud-with-no-access-mode",
  "timestamp" : {
    "era" : 1,
    "dayOfYear" : 256,
    "dayOfWeek" : 1,
    "dayOfMonth" : 12,
    "year" : 2016,
    "weekOfWeekyear" : 37,
    "weekyear" : 2016,
    "monthOfYear" : 9,
    "yearOfEra" : 2016,
    "yearOfCentury" : 16,
    "centuryOfEra" : 20,
    "millisOfSecond" : 468,
    "millisOfDay" : 58451468,
    "secondOfMinute" : 11,
    "secondOfDay" : 58451,
    "minuteOfHour" : 14,
    "minuteOfDay" : 974,
    "hourOfDay" : 16,
    "zone" : {
      "uncachedZone" : {
        "cachable" : true,
        "fixed" : false,
        "id" : "America/Los_Angeles"
      },
      "fixed" : false,
      "id" : "America/Los_Angeles"
    },
    "millis" : 1473722051468,
    "chronology" : {
      "zone" : {
        "uncachedZone" : {
          "cachable" : true,
          "fixed" : false,
          "id" : "America/Los_Angeles"
        },
        "fixed" : false,
        "id" : "America/Los_Angeles"
      }
    },
    "afterNow" : false,
    "beforeNow" : true,
    "equalNow" : false
  }
}, {
  "src" : "backup-and-restore-of-avi-vantage-configuration",
  "dest" : "docs/latest/backup-and-restore-of-avi-vantage-configuration",
  "timestamp" : {
    "weekOfWeekyear" : 37,
    "weekyear" : 2016,
    "monthOfYear" : 9,
    "yearOfEra" : 2016,
    "yearOfCentury" : 16,
    "centuryOfEra" : 20,
    "millisOfSecond" : 580,
    "millisOfDay" : 58476580,
    "secondOfMinute" : 36,
    "secondOfDay" : 58476,
    "minuteOfHour" : 14,
    "minuteOfDay" : 974,
    "hourOfDay" : 16,
    "era" : 1,
    "dayOfYear" : 256,
    "dayOfWeek" : 1,
    "dayOfMonth" : 12,
    "year" : 2016,
    "chronology" : {
      "zone" : {
        "fixed" : false,
        "uncachedZone" : {
          "cachable" : true,
          "fixed" : false,
          "id" : "America/Los_Angeles"
        },
        "id" : "America/Los_Angeles"
      }
    },
    "zone" : {
      "fixed" : false,
      "uncachedZone" : {
        "cachable" : true,
        "fixed" : false,
        "id" : "America/Los_Angeles"
      },
      "id" : "America/Los_Angeles"
    },
    "millis" : 1473722076580,
    "afterNow" : false,
    "beforeNow" : true,
    "equalNow" : false
  }
}, {
  "src" : "bgp-support-for-virtual-services/",
  "dest" : "docs/latest/bgp-support-for-virtual-services/",
  "timestamp" : {
    "weekOfWeekyear" : 37,
    "weekyear" : 2016,
    "monthOfYear" : 9,
    "yearOfEra" : 2016,
    "yearOfCentury" : 16,
    "centuryOfEra" : 20,
    "millisOfSecond" : 453,
    "millisOfDay" : 58495453,
    "secondOfMinute" : 55,
    "secondOfDay" : 58495,
    "minuteOfHour" : 14,
    "minuteOfDay" : 974,
    "hourOfDay" : 16,
    "era" : 1,
    "dayOfYear" : 256,
    "dayOfWeek" : 1,
    "dayOfMonth" : 12,
    "year" : 2016,
    "chronology" : {
      "zone" : {
        "fixed" : false,
        "uncachedZone" : {
          "cachable" : true,
          "fixed" : false,
          "id" : "America/Los_Angeles"
        },
        "id" : "America/Los_Angeles"
      }
    },
    "zone" : {
      "fixed" : false,
      "uncachedZone" : {
        "cachable" : true,
        "fixed" : false,
        "id" : "America/Los_Angeles"
      },
      "id" : "America/Los_Angeles"
    },
    "millis" : 1473722095453,
    "afterNow" : false,
    "beforeNow" : true,
    "equalNow" : false
  }
}, {
  "src" : "block-an-ip-address-to-a-virtual-service/",
  "dest" : "docs/latest/block-an-ip-address-to-a-virtual-service/",
  "timestamp" : {
    "era" : 1,
    "dayOfYear" : 256,
    "dayOfWeek" : 1,
    "dayOfMonth" : 12,
    "year" : 2016,
    "weekOfWeekyear" : 37,
    "weekyear" : 2016,
    "monthOfYear" : 9,
    "yearOfEra" : 2016,
    "yearOfCentury" : 16,
    "centuryOfEra" : 20,
    "millisOfSecond" : 778,
    "millisOfDay" : 58502778,
    "secondOfMinute" : 2,
    "secondOfDay" : 58502,
    "minuteOfHour" : 15,
    "minuteOfDay" : 975,
    "hourOfDay" : 16,
    "zone" : {
      "uncachedZone" : {
        "cachable" : true,
        "fixed" : false,
        "id" : "America/Los_Angeles"
      },
      "fixed" : false,
      "id" : "America/Los_Angeles"
    },
    "millis" : 1473722102778,
    "chronology" : {
      "zone" : {
        "uncachedZone" : {
          "cachable" : true,
          "fixed" : false,
          "id" : "America/Los_Angeles"
        },
        "fixed" : false,
        "id" : "America/Los_Angeles"
      }
    },
    "afterNow" : false,
    "beforeNow" : true,
    "equalNow" : false
  }
}, {
  "src" : "certificate-management-integration-for-csr-automation/",
  "dest" : "docs/latest/certificate-management-integration-for-csr-automation/",
  "timestamp" : {
    "era" : 1,
    "dayOfYear" : 256,
    "dayOfWeek" : 1,
    "dayOfMonth" : 12,
    "year" : 2016,
    "weekOfWeekyear" : 37,
    "weekyear" : 2016,
    "monthOfYear" : 9,
    "yearOfEra" : 2016,
    "yearOfCentury" : 16,
    "centuryOfEra" : 20,
    "millisOfSecond" : 639,
    "millisOfDay" : 58513639,
    "secondOfMinute" : 13,
    "secondOfDay" : 58513,
    "minuteOfHour" : 15,
    "minuteOfDay" : 975,
    "hourOfDay" : 16,
    "zone" : {
      "uncachedZone" : {
        "cachable" : true,
        "fixed" : false,
        "id" : "America/Los_Angeles"
      },
      "fixed" : false,
      "id" : "America/Los_Angeles"
    },
    "millis" : 1473722113639,
    "chronology" : {
      "zone" : {
        "uncachedZone" : {
          "cachable" : true,
          "fixed" : false,
          "id" : "America/Los_Angeles"
        },
        "fixed" : false,
        "id" : "America/Los_Angeles"
      }
    },
    "afterNow" : false,
    "beforeNow" : true,
    "equalNow" : false
  }
}, {
  "src" : "changing-avi-controller-cluster-configuration/",
  "dest" : "docs/latest/changing-avi-controller-cluster-configuration/",
  "timestamp" : {
    "era" : 1,
    "dayOfYear" : 256,
    "dayOfWeek" : 1,
    "dayOfMonth" : 12,
    "year" : 2016,
    "weekOfWeekyear" : 37,
    "weekyear" : 2016,
    "monthOfYear" : 9,
    "yearOfEra" : 2016,
    "yearOfCentury" : 16,
    "centuryOfEra" : 20,
    "millisOfSecond" : 527,
    "millisOfDay" : 58528527,
    "secondOfMinute" : 28,
    "secondOfDay" : 58528,
    "minuteOfHour" : 15,
    "minuteOfDay" : 975,
    "hourOfDay" : 16,
    "zone" : {
      "fixed" : false,
      "uncachedZone" : {
        "fixed" : false,
        "cachable" : true,
        "id" : "America/Los_Angeles"
      },
      "id" : "America/Los_Angeles"
    },
    "millis" : 1473722128527,
    "chronology" : {
      "zone" : {
        "fixed" : false,
        "uncachedZone" : {
          "fixed" : false,
          "cachable" : true,
          "id" : "America/Los_Angeles"
        },
        "id" : "America/Los_Angeles"
      }
    },
    "afterNow" : false,
    "beforeNow" : true,
    "equalNow" : false
  }
}, {
  "src" : "cli-access/",
  "dest" : "docs/latest/cli-access/",
  "timestamp" : {
    "weekOfWeekyear" : 37,
    "weekyear" : 2016,
    "monthOfYear" : 9,
    "yearOfEra" : 2016,
    "yearOfCentury" : 16,
    "centuryOfEra" : 20,
    "millisOfSecond" : 894,
    "millisOfDay" : 58539894,
    "secondOfMinute" : 39,
    "secondOfDay" : 58539,
    "minuteOfHour" : 15,
    "minuteOfDay" : 975,
    "hourOfDay" : 16,
    "era" : 1,
    "dayOfYear" : 256,
    "dayOfWeek" : 1,
    "dayOfMonth" : 12,
    "year" : 2016,
    "chronology" : {
      "zone" : {
        "fixed" : false,
        "uncachedZone" : {
          "cachable" : true,
          "fixed" : false,
          "id" : "America/Los_Angeles"
        },
        "id" : "America/Los_Angeles"
      }
    },
    "zone" : {
      "fixed" : false,
      "uncachedZone" : {
        "cachable" : true,
        "fixed" : false,
        "id" : "America/Los_Angeles"
      },
      "id" : "America/Los_Angeles"
    },
    "millis" : 1473722139894,
    "afterNow" : false,
    "beforeNow" : true,
    "equalNow" : false
  }
}, {
  "src" : "cli-installing-the-cli-shell/",
  "dest" : "docs/latest/cli-installing-the-cli-shell/",
  "timestamp" : {
    "era" : 1,
    "dayOfYear" : 256,
    "dayOfWeek" : 1,
    "dayOfMonth" : 12,
    "year" : 2016,
    "weekOfWeekyear" : 37,
    "weekyear" : 2016,
    "monthOfYear" : 9,
    "yearOfEra" : 2016,
    "yearOfCentury" : 16,
    "centuryOfEra" : 20,
    "millisOfSecond" : 596,
    "millisOfDay" : 58554596,
    "secondOfMinute" : 54,
    "secondOfDay" : 58554,
    "minuteOfHour" : 15,
    "minuteOfDay" : 975,
    "hourOfDay" : 16,
    "zone" : {
      "fixed" : false,
      "uncachedZone" : {
        "cachable" : true,
        "fixed" : false,
        "id" : "America/Los_Angeles"
      },
      "id" : "America/Los_Angeles"
    },
    "millis" : 1473722154596,
    "chronology" : {
      "zone" : {
        "fixed" : false,
        "uncachedZone" : {
          "cachable" : true,
          "fixed" : false,
          "id" : "America/Los_Angeles"
        },
        "id" : "America/Los_Angeles"
      }
    },
    "afterNow" : false,
    "beforeNow" : true,
    "equalNow" : false
  }
}, {
  "src" : "backup-the-configuration/",
  "dest" : "docs/latest/backup-the-configuration/",
  "timestamp" : {
    "weekOfWeekyear" : 37,
    "weekyear" : 2016,
    "monthOfYear" : 9,
    "yearOfEra" : 2016,
    "yearOfCentury" : 16,
    "centuryOfEra" : 20,
    "millisOfSecond" : 911,
    "millisOfDay" : 58567911,
    "secondOfMinute" : 7,
    "secondOfDay" : 58567,
    "minuteOfHour" : 16,
    "minuteOfDay" : 976,
    "hourOfDay" : 16,
    "era" : 1,
    "dayOfYear" : 256,
    "dayOfWeek" : 1,
    "dayOfMonth" : 12,
    "year" : 2016,
    "chronology" : {
      "zone" : {
        "uncachedZone" : {
          "cachable" : true,
          "fixed" : false,
          "id" : "America/Los_Angeles"
        },
        "fixed" : false,
        "id" : "America/Los_Angeles"
      }
    },
    "zone" : {
      "uncachedZone" : {
        "cachable" : true,
        "fixed" : false,
        "id" : "America/Los_Angeles"
      },
      "fixed" : false,
      "id" : "America/Los_Angeles"
    },
    "millis" : 1473722167911,
    "afterNow" : false,
    "beforeNow" : true,
    "equalNow" : false
  }
}, {
  "src" : "clickjacking-protection/",
  "dest" : "docs/latest/clickjacking-protection/",
  "timestamp" : {
    "weekOfWeekyear" : 37,
    "weekyear" : 2016,
    "monthOfYear" : 9,
    "yearOfEra" : 2016,
    "yearOfCentury" : 16,
    "centuryOfEra" : 20,
    "millisOfSecond" : 563,
    "millisOfDay" : 58579563,
    "secondOfMinute" : 19,
    "secondOfDay" : 58579,
    "minuteOfHour" : 16,
    "minuteOfDay" : 976,
    "hourOfDay" : 16,
    "era" : 1,
    "dayOfYear" : 256,
    "dayOfWeek" : 1,
    "dayOfMonth" : 12,
    "year" : 2016,
    "chronology" : {
      "zone" : {
        "fixed" : false,
        "uncachedZone" : {
          "cachable" : true,
          "fixed" : false,
          "id" : "America/Los_Angeles"
        },
        "id" : "America/Los_Angeles"
      }
    },
    "zone" : {
      "fixed" : false,
      "uncachedZone" : {
        "cachable" : true,
        "fixed" : false,
        "id" : "America/Los_Angeles"
      },
      "id" : "America/Los_Angeles"
    },
    "millis" : 1473722179563,
    "afterNow" : false,
    "beforeNow" : true,
    "equalNow" : false
  }
}, {
  "src" : "client-ip-address-and-the-x-forwarded-for-header/",
  "dest" : "docs/latest/client-ip-address-and-the-x-forwarded-for-header/",
  "timestamp" : {
    "monthOfYear" : 9,
    "centuryOfEra" : 20,
    "millisOfSecond" : 190,
    "yearOfEra" : 2016,
    "yearOfCentury" : 16,
    "weekOfWeekyear" : 37,
    "weekyear" : 2016,
    "millisOfDay" : 58596190,
    "secondOfMinute" : 36,
    "secondOfDay" : 58596,
    "minuteOfHour" : 16,
    "minuteOfDay" : 976,
    "hourOfDay" : 16,
    "era" : 1,
    "dayOfYear" : 256,
    "dayOfWeek" : 1,
    "dayOfMonth" : 12,
    "year" : 2016,
    "zone" : {
      "fixed" : false,
      "uncachedZone" : {
        "cachable" : true,
        "fixed" : false,
        "id" : "America/Los_Angeles"
      },
      "id" : "America/Los_Angeles"
    },
    "millis" : 1473722196190,
    "chronology" : {
      "zone" : {
        "fixed" : false,
        "uncachedZone" : {
          "cachable" : true,
          "fixed" : false,
          "id" : "America/Los_Angeles"
        },
        "id" : "America/Los_Angeles"
      }
    },
    "afterNow" : false,
    "beforeNow" : true,
    "equalNow" : false
  }
}, {
  "src" : "client-ip-persistence/",
  "dest" : "docs/latest/client-ip-persistence/",
  "timestamp" : {
    "weekOfWeekyear" : 37,
    "weekyear" : 2016,
    "monthOfYear" : 9,
    "yearOfEra" : 2016,
    "yearOfCentury" : 16,
    "centuryOfEra" : 20,
    "millisOfSecond" : 406,
    "millisOfDay" : 58610406,
    "secondOfMinute" : 50,
    "secondOfDay" : 58610,
    "minuteOfHour" : 16,
    "minuteOfDay" : 976,
    "hourOfDay" : 16,
    "era" : 1,
    "dayOfYear" : 256,
    "dayOfWeek" : 1,
    "dayOfMonth" : 12,
    "year" : 2016,
    "chronology" : {
      "zone" : {
        "fixed" : false,
        "uncachedZone" : {
          "fixed" : false,
          "cachable" : true,
          "id" : "America/Los_Angeles"
        },
        "id" : "America/Los_Angeles"
      }
    },
    "zone" : {
      "fixed" : false,
      "uncachedZone" : {
        "fixed" : false,
        "cachable" : true,
        "id" : "America/Los_Angeles"
      },
      "id" : "America/Los_Angeles"
    },
    "millis" : 1473722210406,
    "afterNow" : false,
    "beforeNow" : true,
    "equalNow" : false
  }
}, {
  "src" : "client-ssl-certificate-validation/",
  "dest" : "docs/latest/client-ssl-certificate-validation/",
  "timestamp" : {
    "weekOfWeekyear" : 37,
    "weekyear" : 2016,
    "monthOfYear" : 9,
    "yearOfEra" : 2016,
    "yearOfCentury" : 16,
    "centuryOfEra" : 20,
    "millisOfSecond" : 731,
    "millisOfDay" : 58619731,
    "secondOfMinute" : 59,
    "secondOfDay" : 58619,
    "minuteOfHour" : 16,
    "minuteOfDay" : 976,
    "hourOfDay" : 16,
    "era" : 1,
    "dayOfYear" : 256,
    "dayOfWeek" : 1,
    "dayOfMonth" : 12,
    "year" : 2016,
    "chronology" : {
      "zone" : {
        "uncachedZone" : {
          "cachable" : true,
          "fixed" : false,
          "id" : "America/Los_Angeles"
        },
        "fixed" : false,
        "id" : "America/Los_Angeles"
      }
    },
    "zone" : {
      "uncachedZone" : {
        "cachable" : true,
        "fixed" : false,
        "id" : "America/Los_Angeles"
      },
      "fixed" : false,
      "id" : "America/Los_Angeles"
    },
    "millis" : 1473722219731,
    "afterNow" : false,
    "beforeNow" : true,
    "equalNow" : false
  }
}, {
  "src" : "client-log-levels/",
  "dest" : "docs/latest/client-log-levels/",
  "timestamp" : {
    "weekOfWeekyear" : 37,
    "weekyear" : 2016,
    "monthOfYear" : 9,
    "yearOfEra" : 2016,
    "yearOfCentury" : 16,
    "centuryOfEra" : 20,
    "millisOfSecond" : 915,
    "millisOfDay" : 58626915,
    "secondOfMinute" : 6,
    "secondOfDay" : 58626,
    "minuteOfHour" : 17,
    "minuteOfDay" : 977,
    "hourOfDay" : 16,
    "era" : 1,
    "dayOfYear" : 256,
    "dayOfWeek" : 1,
    "dayOfMonth" : 12,
    "year" : 2016,
    "chronology" : {
      "zone" : {
        "fixed" : false,
        "uncachedZone" : {
          "cachable" : true,
          "fixed" : false,
          "id" : "America/Los_Angeles"
        },
        "id" : "America/Los_Angeles"
      }
    },
    "zone" : {
      "fixed" : false,
      "uncachedZone" : {
        "cachable" : true,
        "fixed" : false,
        "id" : "America/Los_Angeles"
      },
      "id" : "America/Los_Angeles"
    },
    "millis" : 1473722226915,
    "afterNow" : false,
    "beforeNow" : true,
    "equalNow" : false
  }
}, {
  "src" : "cluster-operational-changes/",
  "dest" : "docs/latest/cluster-operational-changes/",
  "timestamp" : {
    "weekOfWeekyear" : 37,
    "weekyear" : 2016,
    "monthOfYear" : 9,
    "yearOfEra" : 2016,
    "yearOfCentury" : 16,
    "centuryOfEra" : 20,
    "millisOfSecond" : 719,
    "millisOfDay" : 58640719,
    "secondOfMinute" : 20,
    "secondOfDay" : 58640,
    "minuteOfHour" : 17,
    "minuteOfDay" : 977,
    "hourOfDay" : 16,
    "era" : 1,
    "dayOfYear" : 256,
    "dayOfWeek" : 1,
    "dayOfMonth" : 12,
    "year" : 2016,
    "chronology" : {
      "zone" : {
        "fixed" : false,
        "uncachedZone" : {
          "cachable" : true,
          "fixed" : false,
          "id" : "America/Los_Angeles"
        },
        "id" : "America/Los_Angeles"
      }
    },
    "zone" : {
      "fixed" : false,
      "uncachedZone" : {
        "cachable" : true,
        "fixed" : false,
        "id" : "America/Los_Angeles"
      },
      "id" : "America/Los_Angeles"
    },
    "millis" : 1473722240719,
    "afterNow" : false,
    "beforeNow" : true,
    "equalNow" : false
  }
} ]